<?xml version="1.0" encoding="UTF-8"?>
<testsuite name="hello.core.lifecycle.BeanLifeCycleTest" tests="1" skipped="0" failures="0" errors="0" timestamp="2024-07-01T05:43:55" hostname="DESKTOP-0K0RMU0" time="1.696">
  <properties/>
  <testcase name="lifeCycleTest()" classname="hello.core.lifecycle.BeanLifeCycleTest" time="1.696"/>
  <system-out><![CDATA[14:43:57.134 [Test worker] DEBUG o.s.c.a.AnnotationConfigApplicationContext --
                Refreshing org.springframework.context.annotation.AnnotationConfigApplicationContext@320de594
14:43:57.204 [Test worker] DEBUG o.s.b.f.s.DefaultListableBeanFactory --
                Creating shared instance of singleton bean 'org.springframework.context.annotation.internalConfigurationAnnotationProcessor'
14:43:57.460 [Test worker] DEBUG o.s.b.f.s.DefaultListableBeanFactory --
                Creating shared instance of singleton bean 'org.springframework.context.event.internalEventListenerProcessor'
14:43:57.471 [Test worker] DEBUG o.s.b.f.s.DefaultListableBeanFactory --
                Creating shared instance of singleton bean 'org.springframework.context.event.internalEventListenerFactory'
14:43:57.473 [Test worker] DEBUG o.s.b.f.s.DefaultListableBeanFactory --
                Creating shared instance of singleton bean 'org.springframework.context.annotation.internalAutowiredAnnotationProcessor'
14:43:57.479 [Test worker] DEBUG o.s.b.f.s.DefaultListableBeanFactory --
                Creating shared instance of singleton bean 'org.springframework.context.annotation.internalCommonAnnotationProcessor'
14:43:57.497 [Test worker] DEBUG o.s.b.f.s.DefaultListableBeanFactory --
                Creating shared instance of singleton bean 'beanLifeCycleTest.LifeCycleConfig'
14:43:57.505 [Test worker] DEBUG o.s.b.f.s.DefaultListableBeanFactory --
                Creating shared instance of singleton bean 'networkClient'
생성자 호출, url = null
NetworkClient.init
connect: http://hello-spring.dev
call: http://hello-spring.devmessage = 초기화 연결 메시지
14:43:57.566 [Test worker] DEBUG o.s.c.a.AnnotationConfigApplicationContext --
                Closing org.springframework.context.annotation.AnnotationConfigApplicationContext@320de594, started on Mon Jul 01 14:43:57 KST 2024
NetworkClient.close
close: http://hello-spring.dev
]]></system-out>
  <system-err><![CDATA[]]></system-err>
</testsuite>
